c:\users\billy scranner\source\repos\complex\complex\debug\vc142.pdb
c:\users\billy scranner\source\repos\complex\complex\debug\vc142.idb
c:\users\billy scranner\source\repos\complex\complex\debug\source.obj
c:\users\billy scranner\source\repos\complex\complex\debug\complex.obj
c:\users\billy scranner\source\repos\complex\debug\complex.pdb
c:\users\billy scranner\source\repos\complex\complex\debug\complex.tlog\cl.command.1.tlog
c:\users\billy scranner\source\repos\complex\complex\debug\complex.tlog\cl.read.1.tlog
c:\users\billy scranner\source\repos\complex\complex\debug\complex.tlog\cl.write.1.tlog
c:\users\billy scranner\source\repos\complex\complex\debug\complex.tlog\link-cvtres.read.1.tlog
c:\users\billy scranner\source\repos\complex\complex\debug\complex.tlog\link-cvtres.write.1.tlog
c:\users\billy scranner\source\repos\complex\complex\debug\complex.tlog\link-rc.read.1.tlog
c:\users\billy scranner\source\repos\complex\complex\debug\complex.tlog\link-rc.write.1.tlog
c:\users\billy scranner\source\repos\complex\complex\debug\complex.tlog\link.13816-cvtres.read.1.tlog
c:\users\billy scranner\source\repos\complex\complex\debug\complex.tlog\link.13816-cvtres.write.1.tlog
c:\users\billy scranner\source\repos\complex\complex\debug\complex.tlog\link.13816-rc.read.1.tlog
c:\users\billy scranner\source\repos\complex\complex\debug\complex.tlog\link.13816-rc.write.1.tlog
c:\users\billy scranner\source\repos\complex\complex\debug\complex.tlog\link.13816.read.1.tlog
c:\users\billy scranner\source\repos\complex\complex\debug\complex.tlog\link.13816.write.1.tlog
c:\users\billy scranner\source\repos\complex\complex\debug\complex.tlog\link.command.1.tlog
c:\users\billy scranner\source\repos\complex\complex\debug\complex.tlog\link.read.1.tlog
c:\users\billy scranner\source\repos\complex\complex\debug\complex.tlog\link.write.1.tlog
